# JRE version: Java(TM) SE Runtime Environment (8.0_111-b14) (build 1.8.0_111-b14)
# Java VM: Java HotSpot(TM) 64-Bit Server VM (25.111-b14 mixed mode windows-amd64 compressed oops)
Heap:
 PSYoungGen      total 256000K, used 190461K [0x00000000d5f00000, 0x00000000e7300000, 0x0000000100000000)
  eden space 243712K, 73% used [0x00000000d5f00000,0x00000000e0d2ddc0,0x00000000e4d00000)
  from space 12288K, 98% used [0x00000000e5b80000,0x00000000e6751908,0x00000000e6780000)
  to   space 11776K, 0% used [0x00000000e6780000,0x00000000e6780000,0x00000000e7300000)
 ParOldGen       total 90624K, used 29040K [0x0000000081c00000, 0x0000000087480000, 0x00000000d5f00000)
  object space 90624K, 32% used [0x0000000081c00000,0x000000008385c048,0x0000000087480000)
 Metaspace       used 50650K, capacity 51322K, committed 51712K, reserved 1093632K
  class space    used 6394K, capacity 6569K, committed 6656K, reserved 1048576K
GC Heap History (10 events):
Event: 10.887 GC heap before
{Heap before GC invocations=9 (full 1):
 PSYoungGen      total 120832K, used 120821K [0x00000000d5f00000, 0x00000000e3200000, 0x0000000100000000)
  eden space 112128K, 100% used [0x00000000d5f00000,0x00000000dcc80000,0x00000000dcc80000)
  from space 8704K, 99% used [0x00000000dcc80000,0x00000000dd4fd750,0x00000000dd500000)
  to   space 12800K, 0% used [0x00000000e2580000,0x00000000e2580000,0x00000000e3200000)
 ParOldGen       total 52736K, used 13061K [0x0000000081c00000, 0x0000000084f80000, 0x00000000d5f00000)
  object space 52736K, 24% used [0x0000000081c00000,0x00000000828c1640,0x0000000084f80000)
 Metaspace       used 31694K, capacity 32136K, committed 32256K, reserved 1077248K
  class space    used 3941K, capacity 4051K, committed 4096K, reserved 1048576K
Event: 10.905 GC heap after
Heap after GC invocations=9 (full 1):
 PSYoungGen      total 202752K, used 10610K [0x00000000d5f00000, 0x00000000e3280000, 0x0000000100000000)
  eden space 189952K, 0% used [0x00000000d5f00000,0x00000000d5f00000,0x00000000e1880000)
  from space 12800K, 82% used [0x00000000e2580000,0x00000000e2fdc9c0,0x00000000e3200000)
  to   space 13312K, 0% used [0x00000000e1880000,0x00000000e1880000,0x00000000e2580000)
 ParOldGen       total 52736K, used 13069K [0x0000000081c00000, 0x0000000084f80000, 0x00000000d5f00000)
  object space 52736K, 24% used [0x0000000081c00000,0x00000000828c3640,0x0000000084f80000)
 Metaspace       used 31694K, capacity 32136K, committed 32256K, reserved 1077248K
  class space    used 3941K, capacity 4051K, committed 4096K, reserved 1048576K
}
Event: 15.327 GC heap before
{Heap before GC invocations=10 (full 1):
 PSYoungGen      total 202752K, used 163950K [0x00000000d5f00000, 0x00000000e3280000, 0x0000000100000000)
  eden space 189952K, 80% used [0x00000000d5f00000,0x00000000df4beff0,0x00000000e1880000)
  from space 12800K, 82% used [0x00000000e2580000,0x00000000e2fdc9c0,0x00000000e3200000)
  to   space 13312K, 0% used [0x00000000e1880000,0x00000000e1880000,0x00000000e2580000)
 ParOldGen       total 52736K, used 13069K [0x0000000081c00000, 0x0000000084f80000, 0x00000000d5f00000)
  object space 52736K, 24% used [0x0000000081c00000,0x00000000828c3640,0x0000000084f80000)
 Metaspace       used 34947K, capacity 35346K, committed 35456K, reserved 1081344K
  class space    used 4363K, capacity 4474K, committed 4480K, reserved 1048576K
Event: 15.353 GC heap after
Heap after GC invocations=10 (full 1):
 PSYoungGen      total 203264K, used 13289K [0x00000000d5f00000, 0x00000000e8300000, 0x0000000100000000)
  eden space 189952K, 0% used [0x00000000d5f00000,0x00000000d5f00000,0x00000000e1880000)
  from space 13312K, 99% used [0x00000000e1880000,0x00000000e257a488,0x00000000e2580000)
  to   space 16896K, 0% used [0x00000000e7280000,0x00000000e7280000,0x00000000e8300000)
 ParOldGen       total 52736K, used 17209K [0x0000000081c00000, 0x0000000084f80000, 0x00000000d5f00000)
  object space 52736K, 32% used [0x0000000081c00000,0x0000000082cce6b8,0x0000000084f80000)
 Metaspace       used 34947K, capacity 35346K, committed 35456K, reserved 1081344K
  class space    used 4363K, capacity 4474K, committed 4480K, reserved 1048576K
}
Event: 15.353 GC heap before
{Heap before GC invocations=11 (full 2):
 PSYoungGen      total 203264K, used 13289K [0x00000000d5f00000, 0x00000000e8300000, 0x0000000100000000)
  eden space 189952K, 0% used [0x00000000d5f00000,0x00000000d5f00000,0x00000000e1880000)
  from space 13312K, 99% used [0x00000000e1880000,0x00000000e257a488,0x00000000e2580000)
  to   space 16896K, 0% used [0x00000000e7280000,0x00000000e7280000,0x00000000e8300000)
 ParOldGen       total 52736K, used 17209K [0x0000000081c00000, 0x0000000084f80000, 0x00000000d5f00000)
  object space 52736K, 32% used [0x0000000081c00000,0x0000000082cce6b8,0x0000000084f80000)
 Metaspace       used 34947K, capacity 35346K, committed 35456K, reserved 1081344K
  class space    used 4363K, capacity 4474K, committed 4480K, reserved 1048576K
Event: 15.472 GC heap after
Heap after GC invocations=11 (full 2):
 PSYoungGen      total 203264K, used 0K [0x00000000d5f00000, 0x00000000e8300000, 0x0000000100000000)
  eden space 189952K, 0% used [0x00000000d5f00000,0x00000000d5f00000,0x00000000e1880000)
  from space 13312K, 0% used [0x00000000e1880000,0x00000000e1880000,0x00000000e2580000)
  to   space 16896K, 0% used [0x00000000e7280000,0x00000000e7280000,0x00000000e8300000)
 ParOldGen       total 90624K, used 24047K [0x0000000081c00000, 0x0000000087480000, 0x00000000d5f00000)
  object space 90624K, 26% used [0x0000000081c00000,0x000000008337bc58,0x0000000087480000)
 Metaspace       used 34947K, capacity 35346K, committed 35456K, reserved 1081344K
  class space    used 4363K, capacity 4474K, committed 4480K, reserved 1048576K
}
Event: 18.138 GC heap before
{Heap before GC invocations=12 (full 2):
 PSYoungGen      total 203264K, used 189952K [0x00000000d5f00000, 0x00000000e8300000, 0x0000000100000000)
  eden space 189952K, 100% used [0x00000000d5f00000,0x00000000e1880000,0x00000000e1880000)
  from space 13312K, 0% used [0x00000000e1880000,0x00000000e1880000,0x00000000e2580000)
  to   space 16896K, 0% used [0x00000000e7280000,0x00000000e7280000,0x00000000e8300000)
 ParOldGen       total 90624K, used 24047K [0x0000000081c00000, 0x0000000087480000, 0x00000000d5f00000)
  object space 90624K, 26% used [0x0000000081c00000,0x000000008337bc58,0x0000000087480000)
 Metaspace       used 40717K, capacity 41296K, committed 41472K, reserved 1085440K
  class space    used 5124K, capacity 5286K, committed 5376K, reserved 1048576K
Event: 18.158 GC heap after
Heap after GC invocations=12 (full 2):
 PSYoungGen      total 264192K, used 10225K [0x00000000d5f00000, 0x00000000e7c80000, 0x0000000100000000)
  eden space 253952K, 0% used [0x00000000d5f00000,0x00000000d5f00000,0x00000000e5700000)
  from space 10240K, 99% used [0x00000000e7280000,0x00000000e7c7c440,0x00000000e7c80000)
  to   space 16896K, 0% used [0x00000000e5b80000,0x00000000e5b80000,0x00000000e6c00000)
 ParOldGen       total 90624K, used 24055K [0x0000000081c00000, 0x0000000087480000, 0x00000000d5f00000)
  object space 90624K, 26% used [0x0000000081c00000,0x000000008337dc58,0x0000000087480000)
 Metaspace       used 40717K, capacity 41296K, committed 41472K, reserved 1085440K
  class space    used 5124K, capacity 5286K, committed 5376K, reserved 1048576K
}
Event: 1487.391 GC heap before
{Heap before GC invocations=13 (full 2):
 PSYoungGen      total 264192K, used 264177K [0x00000000d5f00000, 0x00000000e7c80000, 0x0000000100000000)
  eden space 253952K, 100% used [0x00000000d5f00000,0x00000000e5700000,0x00000000e5700000)
  from space 10240K, 99% used [0x00000000e7280000,0x00000000e7c7c440,0x00000000e7c80000)
  to   space 16896K, 0% used [0x00000000e5b80000,0x00000000e5b80000,0x00000000e6c00000)
 ParOldGen       total 90624K, used 24055K [0x0000000081c00000, 0x0000000087480000, 0x00000000d5f00000)
  object space 90624K, 26% used [0x0000000081c00000,0x000000008337dc58,0x0000000087480000)
 Metaspace       used 50071K, capacity 50702K, committed 51200K, reserved 1093632K
  class space    used 6378K, capacity 6535K, committed 6656K, reserved 1048576K
Event: 1487.416 GC heap after
Heap after GC invocations=13 (full 2):
 PSYoungGen      total 256000K, used 12102K [0x00000000d5f00000, 0x00000000e7300000, 0x0000000100000000)
  eden space 243712K, 0% used [0x00000000d5f00000,0x00000000d5f00000,0x00000000e4d00000)
  from space 12288K, 98% used [0x00000000e5b80000,0x00000000e6751908,0x00000000e6780000)
  to   space 11776K, 0% used [0x00000000e6780000,0x00000000e6780000,0x00000000e7300000)
 ParOldGen       total 90624K, used 29040K [0x0000000081c00000, 0x0000000087480000, 0x00000000d5f00000)
  object space 90624K, 32% used [0x0000000081c00000,0x000000008385c048,0x0000000087480000)
 Metaspace       used 50071K, capacity 50702K, committed 51200K, reserved 1093632K
  class space    used 6378K, capacity 6535K, committed 6656K, reserved 1048576K
}

